shared/build/intermediates/manifest_merge_blame_file/debug/manifest-merger-blame-debug-report.txt
1<?xml version="1.0" encoding="utf-8"?>
2<manifest xmlns:android="http://schemas.android.com/apk/res/android"
3    package="com.example.androidautomedia.shared" >
4
5    <uses-sdk android:minSdkVersion="28" />
6
7    <application android:appCategory="audio" >
7-->src\main\AndroidManifest.xml:2:5-21:19
7-->src\main\AndroidManifest.xml:2:18-45
8        <meta-data
8-->src\main\AndroidManifest.xml:4:9-6:59
9            android:name="com.google.android.gms.car.application"
9-->src\main\AndroidManifest.xml:5:13-66
10            android:resource="@xml/automotive_app_desc" />
10-->src\main\AndroidManifest.xml:6:13-56
11        <meta-data
11-->src\main\AndroidManifest.xml:7:9-9:32
12            android:name="androidx.car.app.minCarApiLevel"
12-->src\main\AndroidManifest.xml:8:13-59
13            android:value="1" />
13-->src\main\AndroidManifest.xml:9:13-30
14        <!--
15         Main music service, provides media browsing and media playback services to
16         consumers through MediaBrowserService and MediaSession. Consumers connect to it through
17         MediaBrowser (for browsing) and MediaController (for playback control)
18        -->
19        <service
19-->src\main\AndroidManifest.xml:13:9-19:19
20            android:name="com.example.androidautomedia.shared.MyMusicService"
20-->src\main\AndroidManifest.xml:14:13-78
21            android:exported="true" >
21-->src\main\AndroidManifest.xml:15:13-36
22            <intent-filter>
22-->src\main\AndroidManifest.xml:16:13-18:29
23                <action android:name="android.media.browse.MediaBrowserService" />
23-->src\main\AndroidManifest.xml:17:17-83
23-->src\main\AndroidManifest.xml:17:25-80
24            </intent-filter>
25        </service>
26    </application>
27
28</manifest>